<?xml version="1.0" encoding="UTF-8"?>
<testsuite xmlns:xsi="http://www.w3.org/2001/XMLSchema-instance" xsi:noNamespaceSchemaLocation="https://maven.apache.org/surefire/maven-surefire-plugin/xsd/surefire-test-report.xsd" name="testRunner.TestRun" time="1,105.446" tests="89" errors="0" skipped="0" failures="0">
  <properties>
[...]
</properties>
  <testcase name="Verify Reg Users Page in Dashboard" classname="Admin Dashboard Functionality for Car Rental Website" time="13.802"/>
  <testcase name="Verify Listed Vehicles Page in Dashboard" classname="Admin Dashboard Functionality for Car Rental Website" time="18.597"/>
  <testcase name="Verify Total Bookings Page in Dashboard" classname="Admin Dashboard Functionality for Car Rental Website" time="10.545"/>
  <testcase name="Verify Listed Brands Page in Dashboard" classname="Admin Dashboard Functionality for Car Rental Website" time="10.921"/>
  <testcase name="Verify Subscibers Page in Dashboard" classname="Admin Dashboard Functionality for Car Rental Website" time="10.276"/>
  <testcase name="Verify Queries Page in Dashboard" classname="Admin Dashboard Functionality for Car Rental Website" time="10.951"/>
  <testcase name="Verify Testimonials Page in Dashboard" classname="Admin Dashboard Functionality for Car Rental Website" time="10.399"/>
  <testcase name="Verify Logout Functionality in Dashboard" classname="Admin Dashboard Functionality for Car Rental Website" time="9.95"/>
  <testcase name="Here We are Booking a Car then Noting down the fromdate and Verifying it in Admin New Bookings then noting down the Booking no of that Car and Verifying in User My Booking" classname="User Module CarListing and My Booking" time="50.218"/>
  <testcase name="Verify the New Bookings(Confirm) Functionality of Car Rental Website and Verifying Noted Booking No In User My Booking status reflected or not" classname="Verify The Admin Booking Functionality of Car Rental Website" time="37.602"/>
  <testcase name="Verify the New Bookings(Cancel) Functionality of Car Rental Website and Verifying Noted Booking No In User My Booking status reflected or not" classname="Verify The Admin Booking Functionality of Car Rental Website" time="39.521"/>
  <testcase name="Verify the Confirmed Bookings Functionality of Car Rental Website" classname="Verify The Admin Booking Functionality of Car Rental Website" time="18.303"/>
  <testcase name="Verify the Canceled Bookings Functionality of Car Rental Website" classname="Verify The Admin Booking Functionality of Car Rental Website" time="16.401"/>
  <testcase name="Home | Contact Us #1" classname="Contact Us" time="8.196"/>
  <testcase name="Home | Contact Us #2" classname="Contact Us" time="8.901"/>
  <testcase name="Home | Contact Us #3" classname="Contact Us" time="9.005"/>
  <testcase name="Home | Contact Us #4" classname="Contact Us" time="8.896"/>
  <testcase name="Admin | Manage Contact Us Query" classname="Contact Us" time="11"/>
  <testcase name="Verify the Brand Name in Create Brand" classname="Verify Create Brand Functionality for car Rental Management" time="11.695"/>
  <testcase name="Verify the Empty Brand Name in Create Brand" classname="Verify Create Brand Functionality for car Rental Management" time="9.601"/>
  <testcase name="Home | FAQs" classname="FAQs" time="6.352"/>
  <testcase name="Successful login with valid credentials" classname="Admin Login Functionality for Car Rental Website" time="9.861"/>
  <testcase name="Unsuccessful login with invalid and empty credentials #1" classname="Admin Login Functionality for Car Rental Website" time="8.74"/>
  <testcase name="Unsuccessful login with invalid and empty credentials #2" classname="Admin Login Functionality for Car Rental Website" time="8.948"/>
  <testcase name="Unsuccessful login with invalid and empty credentials #3" classname="Admin Login Functionality for Car Rental Website" time="8.703"/>
  <testcase name="Unsuccessful login with invalid and empty credentials #4" classname="Admin Login Functionality for Car Rental Website" time="10.095"/>
  <testcase name="Navigating to the back to home page" classname="Admin Login Functionality for Car Rental Website" time="9.662"/>
  <testcase name="Verify show and search in Manage Brands" classname="Verify Manage Brands Functionality for car Rental Management" time="14.838"/>
  <testcase name="Verify previous and next button in Manage Brands" classname="Verify Manage Brands Functionality for car Rental Management" time="12.505"/>
  <testcase name="Verify edit option in Manage Brands" classname="Verify Manage Brands Functionality for car Rental Management" time="16.243"/>
  <testcase name="Verify delete option in Manage Brands #1" classname="Verify Manage Brands Functionality for car Rental Management" time="10.9"/>
  <testcase name="Verify delete option in Manage Brands #2" classname="Verify Manage Brands Functionality for car Rental Management" time="10.65"/>
  <testcase name="Verify Registered Users Of Admin Module" classname="Verify The Admin Reqistered Users Functionality of Car Rental Website" time="14.599"/>
  <testcase name="Check about us page is displayed on clicking about us button" classname="feature to test about us button functionality" time="7.15"/>
  <testcase name="Check CarListing page is displayed on clicking CarListing button" classname="Feature to test Car Listing page functionality" time="8.947"/>
  <testcase name="Check cars are displayed on selecting brand type and fuel type" classname="Feature to test Car Listing page functionality" time="8.599"/>
  <testcase name="Check functionality of recently listed cars" classname="Feature to test Car Listing page functionality" time="8.701"/>
  <testcase name="Check the details of the car is displayed on clicking on view details button" classname="Feature to test Car Listing page functionality" time="9.048"/>
  <testcase name="Check functionality of similar cars" classname="Feature to test Car Listing page functionality" time="9.451"/>
  <testcase name="Check functionality of prev and next buttons" classname="Feature to test Car Listing page functionality" time="9.099"/>
  <testcase name="Check functionality of Vehicle Overview button" classname="Feature to test Car Listing page functionality" time="8.301"/>
  <testcase name="Check FAQs page is displayed on clicking faqs button" classname="Feature to test FAQs button functionality" time="7.806"/>
  <testcase name="Check Contact us page functionality" classname="Feature to test FAQs button functionality" time="9.803"/>
  <testcase name="Verify the warning message for empty fields" classname="Feature to test FAQs button functionality" time="14.187"/>
  <testcase name="Check Admin sign in page is displayed on clicking Admin button" classname="Feature to test FAQs button functionality" time="7.599"/>
  <testcase name="Check Login page is displayed on clicking Login/Register button" classname="Feature to test FAQs button functionality" time="7.25"/>
  <testcase name="Check privacy policy page and Terms of use page is displayed on clicking privacy and terms of use button respectively" classname="Feature to test FAQs button functionality" time="10.015"/>
  <testcase name="Check functionality of Subscribe button" classname="Feature to test FAQs button functionality" time="8.236"/>
  <testcase name="Check functionality Service HelpLine button" classname="Feature to test FAQs button functionality" time="7.199"/>
  <testcase name="validate the search in manage contact us query" classname="feature to test the manage contactus query Page" time="14.901"/>
  <testcase name="Validate the Manage Page button is working or not - TC_ID_ManagePages_1" classname="feature to test the Manage pages page" time="11.099"/>
  <testcase name="Validate terms and conditions option in dropdown - TC_ID_ManagePage_2" classname="feature to test the Manage pages page" time="14.099"/>
  <testcase name="Validate privacy and policy option in dropdown - TC_ID_ManagePage_3" classname="feature to test the Manage pages page" time="13.4"/>
  <testcase name="Validate about us option in dropdown - TC_ID_ManagePage_4" classname="feature to test the Manage pages page" time="13.8"/>
  <testcase name="Validate FQAs option in dropdown  -TC_ID_ManagePage_5" classname="feature to test the Manage pages page" time="14.199"/>
  <testcase name="validate the search field in manage subscribers page -  TC_ID_Manage_subscribers_1" classname="feature to test the manage subscribers Page" time="10.802"/>
  <testcase name="validate the show field in manage subscribers page -  TC_ID_Manage_subscribers_2" classname="feature to test the manage subscribers Page" time="10.396"/>
  <testcase name="validate the show field in manage subscribers page -  TC_ID_Manage_subscribers_3" classname="feature to test the manage subscribers Page" time="10.701"/>
  <testcase name="Validate the action option in Manage Subscribers Page  -  TC_ID_Manage_subscribers_4" classname="feature to test the manage subscribers Page" time="10.999"/>
  <testcase name="Validate the action option in Manage Subscribers Page  - TC_ID_Manage_subscribers_5" classname="feature to test the manage subscribers Page" time="10.5"/>
  <testcase name="validate the search field in manage testimonial page -  TC_ID_Manage_1" classname="feature to test the manage testimonial Page" time="10.297"/>
  <testcase name="validate the show field in manage testimonial page -  TC_ID_Manage_2" classname="feature to test the manage testimonial Page" time="10.8"/>
  <testcase name="validate the show field in manage testimonial page -  TC_ID_Manage_3" classname="feature to test the manage testimonial Page" time="10.747"/>
  <testcase name="Validate the inactive option and then click on okay in testimonial page - TC_ID_Manage_4" classname="feature to test the manage testimonial Page" time="13.852"/>
  <testcase name="Validate the inactive option and then click on cancel in testimonial page -  TC_ID_Manage_5" classname="feature to test the manage testimonial Page" time="11.801"/>
  <testcase name="Validate the active option and then click on okay in testimonial page - TC_ID_Manage_6" classname="feature to test the manage testimonial Page" time="14.351"/>
  <testcase name="Validate the active option and then click on cancel in testimonial page - TC_ID_Manage_7" classname="feature to test the manage testimonial Page" time="13.1"/>
  <testcase name="to validate the page of post a vehicle page" classname="feature to test post a vehicle page" time="19.597"/>
  <testcase name="To validate the entered fields are updated in the admin module #1" classname="To validate the profile settings option in the user module" time="14.249"/>
  <testcase name="To validate the entered fields are updated in the admin module #2" classname="To validate the profile settings option in the user module" time="13.401"/>
  <testcase name="To validate the entered fields are updated in the admin module #3" classname="To validate the profile settings option in the user module" time="13.399"/>
  <testcase name="To validate the entered fields are updated in the admin module #4" classname="To validate the profile settings option in the user module" time="18.6"/>
  <testcase name="Validate the popup message is displayed when the admin enter invalid Email id -TC_ID_Update_contact_1" classname="feature to test the Update contact info --#line 170 in javafile" time="12.399"/>
  <testcase name="Validate the popup message is displayed when the admin enter invalid contact - TC_ID_Update_contact_2 (Failed testcase)" classname="feature to test the Update contact info --#line 170 in javafile" time="11.801"/>
  <testcase name="Validate the popup message is displayed when the admin enter only email, contact -TC_ID_Update_contact_3" classname="feature to test the Update contact info --#line 170 in javafile" time="10"/>
  <testcase name="Validate the popup message is displayed when the admin enter only address, contact - TC_ID_Update_contact_4" classname="feature to test the Update contact info --#line 170 in javafile" time="10.198"/>
  <testcase name="Validate the popup message is displayed when the admin enter only address, emailid - TC_ID_Update_contact_5" classname="feature to test the Update contact info --#line 170 in javafile" time="10.401"/>
  <testcase name="Validate the popup message is displayed when all the fields are empty - TC_ID_Update_contact_6" classname="feature to test the Update contact info --#line 170 in javafile" time="10.602"/>
  <testcase name="Validate the admin can change the fields in Update Contact Info in home page -   TC_ID_Update_contact_7" classname="feature to test the Update contact info --#line 170 in javafile" time="14.198"/>
  <testcase name="Validate the admin can change the fields in Update Contact Info in contact us page- TC_ID_Update_contact_8" classname="feature to test the Update contact info --#line 170 in javafile" time="12.802"/>
  <testcase name="Successful login with valid credentials" classname="User Login Functionality for Car Rental Website" time="9.348"/>
  <testcase name="Unsuccessful login with invalid and empty credentials #1" classname="User Login Functionality for Car Rental Website" time="8.851"/>
  <testcase name="Unsuccessful login with invalid and empty credentials #2" classname="User Login Functionality for Car Rental Website" time="8.302"/>
  <testcase name="Unsuccessful login with invalid and empty credentials #3" classname="User Login Functionality for Car Rental Website" time="8.599"/>
  <testcase name="Unsuccessful login with invalid and empty credentials #4" classname="User Login Functionality for Car Rental Website" time="8.098"/>
  <testcase name="Verify post a testimonial" classname="Feature to verify post a testimonial functionality of car rental website" time="16.899"/>
  <testcase name="Verify empty testimonial field" classname="Feature to verify post a testimonial functionality of car rental website" time="11.852"/>
  <testcase name="Verify signout option" classname="Feature to verify post a testimonial functionality of car rental website" time="12.348"/>
  <testcase name="validate the page of manage vehicles" classname="feature to test manage vehicles page" time="20.123"/>
</testsuite>